# JRE version: Java(TM) SE Runtime Environment (8.0_241-b07) (build 1.8.0_241-b07)
# Java VM: Java HotSpot(TM) 64-Bit Server VM (25.241-b07 mixed mode windows-amd64 compressed oops)
Heap:
 PSYoungGen      total 235008K, used 41387K [0x00000000e0700000, 0x00000000f4d80000, 0x0000000100000000)
  eden space 227328K, 14% used [0x00000000e0700000,0x00000000e2842d10,0x00000000ee500000)
  from space 7680K, 95% used [0x00000000f4600000,0x00000000f4d28270,0x00000000f4d80000)
  to   space 12800K, 0% used [0x00000000f3480000,0x00000000f3480000,0x00000000f4100000)
 ParOldGen       total 87552K, used 30203K [0x00000000a1400000, 0x00000000a6980000, 0x00000000e0700000)
  object space 87552K, 34% used [0x00000000a1400000,0x00000000a317ee60,0x00000000a6980000)
 Metaspace       used 66008K, capacity 70787K, committed 71128K, reserved 1110016K
  class space    used 9310K, capacity 10131K, committed 10240K, reserved 1048576K
GC Heap History (10 events):
Event: 6193.289 GC heap before
{Heap before GC invocations=19 (full 3):
 PSYoungGen      total 285696K, used 285248K [0x00000000e0700000, 0x00000000f6e00000, 0x0000000100000000)
  eden space 278528K, 100% used [0x00000000e0700000,0x00000000f1700000,0x00000000f1700000)
  from space 7168K, 93% used [0x00000000f5680000,0x00000000f5d10250,0x00000000f5d80000)
  to   space 14848K, 0% used [0x00000000f5f80000,0x00000000f5f80000,0x00000000f6e00000)
 ParOldGen       total 87552K, used 30163K [0x00000000a1400000, 0x00000000a6980000, 0x00000000e0700000)
  object space 87552K, 34% used [0x00000000a1400000,0x00000000a3174e60,0x00000000a6980000)
 Metaspace       used 65583K, capacity 70217K, committed 70488K, reserved 1110016K
  class space    used 9261K, capacity 10062K, committed 10112K, reserved 1048576K
Event: 6193.316 GC heap after
Heap after GC invocations=19 (full 3):
 PSYoungGen      total 273920K, used 6608K [0x00000000e0700000, 0x00000000f6600000, 0x0000000100000000)
  eden space 267264K, 0% used [0x00000000e0700000,0x00000000e0700000,0x00000000f0c00000)
  from space 6656K, 99% used [0x00000000f5f80000,0x00000000f65f4220,0x00000000f6600000)
  to   space 14336K, 0% used [0x00000000f4a00000,0x00000000f4a00000,0x00000000f5800000)
 ParOldGen       total 87552K, used 30171K [0x00000000a1400000, 0x00000000a6980000, 0x00000000e0700000)
  object space 87552K, 34% used [0x00000000a1400000,0x00000000a3176e60,0x00000000a6980000)
 Metaspace       used 65583K, capacity 70217K, committed 70488K, reserved 1110016K
  class space    used 9261K, capacity 10062K, committed 10112K, reserved 1048576K
}
Event: 7589.893 GC heap before
{Heap before GC invocations=20 (full 3):
 PSYoungGen      total 273920K, used 273872K [0x00000000e0700000, 0x00000000f6600000, 0x0000000100000000)
  eden space 267264K, 100% used [0x00000000e0700000,0x00000000f0c00000,0x00000000f0c00000)
  from space 6656K, 99% used [0x00000000f5f80000,0x00000000f65f4220,0x00000000f6600000)
  to   space 14336K, 0% used [0x00000000f4a00000,0x00000000f4a00000,0x00000000f5800000)
 ParOldGen       total 87552K, used 30171K [0x00000000a1400000, 0x00000000a6980000, 0x00000000e0700000)
  object space 87552K, 34% used [0x00000000a1400000,0x00000000a3176e60,0x00000000a6980000)
 Metaspace       used 65627K, capacity 70277K, committed 70488K, reserved 1110016K
  class space    used 9267K, capacity 10072K, committed 10112K, reserved 1048576K
Event: 7589.945 GC heap after
Heap after GC invocations=20 (full 3):
 PSYoungGen      total 263680K, used 6728K [0x00000000e0700000, 0x00000000f6000000, 0x0000000100000000)
  eden space 256512K, 0% used [0x00000000e0700000,0x00000000e0700000,0x00000000f0180000)
  from space 7168K, 93% used [0x00000000f4a00000,0x00000000f5092220,0x00000000f5100000)
  to   space 13824K, 0% used [0x00000000f5280000,0x00000000f5280000,0x00000000f6000000)
 ParOldGen       total 87552K, used 30179K [0x00000000a1400000, 0x00000000a6980000, 0x00000000e0700000)
  object space 87552K, 34% used [0x00000000a1400000,0x00000000a3178e60,0x00000000a6980000)
 Metaspace       used 65627K, capacity 70277K, committed 70488K, reserved 1110016K
  class space    used 9267K, capacity 10072K, committed 10112K, reserved 1048576K
}
Event: 8838.144 GC heap before
{Heap before GC invocations=21 (full 3):
 PSYoungGen      total 263680K, used 263240K [0x00000000e0700000, 0x00000000f6000000, 0x0000000100000000)
  eden space 256512K, 100% used [0x00000000e0700000,0x00000000f0180000,0x00000000f0180000)
  from space 7168K, 93% used [0x00000000f4a00000,0x00000000f5092220,0x00000000f5100000)
  to   space 13824K, 0% used [0x00000000f5280000,0x00000000f5280000,0x00000000f6000000)
 ParOldGen       total 87552K, used 30179K [0x00000000a1400000, 0x00000000a6980000, 0x00000000e0700000)
  object space 87552K, 34% used [0x00000000a1400000,0x00000000a3178e60,0x00000000a6980000)
 Metaspace       used 65868K, capacity 70695K, committed 70872K, reserved 1110016K
  class space    used 9302K, capacity 10127K, committed 10240K, reserved 1048576K
Event: 8838.233 GC heap after
Heap after GC invocations=21 (full 3):
 PSYoungGen      total 252928K, used 6408K [0x00000000e0700000, 0x00000000f5900000, 0x0000000100000000)
  eden space 246272K, 0% used [0x00000000e0700000,0x00000000e0700000,0x00000000ef780000)
  from space 6656K, 96% used [0x00000000f5280000,0x00000000f58c2180,0x00000000f5900000)
  to   space 13824K, 0% used [0x00000000f3e00000,0x00000000f3e00000,0x00000000f4b80000)
 ParOldGen       total 87552K, used 30187K [0x00000000a1400000, 0x00000000a6980000, 0x00000000e0700000)
  object space 87552K, 34% used [0x00000000a1400000,0x00000000a317ae60,0x00000000a6980000)
 Metaspace       used 65868K, capacity 70695K, committed 70872K, reserved 1110016K
  class space    used 9302K, capacity 10127K, committed 10240K, reserved 1048576K
}
Event: 10276.416 GC heap before
{Heap before GC invocations=22 (full 3):
 PSYoungGen      total 252928K, used 252680K [0x00000000e0700000, 0x00000000f5900000, 0x0000000100000000)
  eden space 246272K, 100% used [0x00000000e0700000,0x00000000ef780000,0x00000000ef780000)
  from space 6656K, 96% used [0x00000000f5280000,0x00000000f58c2180,0x00000000f5900000)
  to   space 13824K, 0% used [0x00000000f3e00000,0x00000000f3e00000,0x00000000f4b80000)
 ParOldGen       total 87552K, used 30187K [0x00000000a1400000, 0x00000000a6980000, 0x00000000e0700000)
  object space 87552K, 34% used [0x00000000a1400000,0x00000000a317ae60,0x00000000a6980000)
 Metaspace       used 65911K, capacity 70695K, committed 70872K, reserved 1110016K
  class space    used 9306K, capacity 10127K, committed 10240K, reserved 1048576K
Event: 10276.533 GC heap after
Heap after GC invocations=22 (full 3):
 PSYoungGen      total 244224K, used 7312K [0x00000000e0700000, 0x00000000f5300000, 0x0000000100000000)
  eden space 236544K, 0% used [0x00000000e0700000,0x00000000e0700000,0x00000000eee00000)
  from space 7680K, 95% used [0x00000000f3e00000,0x00000000f45242a0,0x00000000f4580000)
  to   space 13312K, 0% used [0x00000000f4600000,0x00000000f4600000,0x00000000f5300000)
 ParOldGen       total 87552K, used 30195K [0x00000000a1400000, 0x00000000a6980000, 0x00000000e0700000)
  object space 87552K, 34% used [0x00000000a1400000,0x00000000a317ce60,0x00000000a6980000)
 Metaspace       used 65911K, capacity 70695K, committed 70872K, reserved 1110016K
  class space    used 9306K, capacity 10127K, committed 10240K, reserved 1048576K
}
Event: 11546.600 GC heap before
{Heap before GC invocations=23 (full 3):
 PSYoungGen      total 244224K, used 243856K [0x00000000e0700000, 0x00000000f5300000, 0x0000000100000000)
  eden space 236544K, 100% used [0x00000000e0700000,0x00000000eee00000,0x00000000eee00000)
  from space 7680K, 95% used [0x00000000f3e00000,0x00000000f45242a0,0x00000000f4580000)
  to   space 13312K, 0% used [0x00000000f4600000,0x00000000f4600000,0x00000000f5300000)
 ParOldGen       total 87552K, used 30195K [0x00000000a1400000, 0x00000000a6980000, 0x00000000e0700000)
  object space 87552K, 34% used [0x00000000a1400000,0x00000000a317ce60,0x00000000a6980000)
 Metaspace       used 65990K, capacity 70763K, committed 71128K, reserved 1110016K
  class space    used 9306K, capacity 10127K, committed 10240K, reserved 1048576K
Event: 11546.637 GC heap after
Heap after GC invocations=23 (full 3):
 PSYoungGen      total 235008K, used 7328K [0x00000000e0700000, 0x00000000f4d80000, 0x0000000100000000)
  eden space 227328K, 0% used [0x00000000e0700000,0x00000000e0700000,0x00000000ee500000)
  from space 7680K, 95% used [0x00000000f4600000,0x00000000f4d28270,0x00000000f4d80000)
  to   space 12800K, 0% used [0x00000000f3480000,0x00000000f3480000,0x00000000f4100000)
 ParOldGen       total 87552K, used 30203K [0x00000000a1400000, 0x00000000a6980000, 0x00000000e0700000)
  object space 87552K, 34% used [0x00000000a1400000,0x00000000a317ee60,0x00000000a6980000)
 Metaspace       used 65990K, capacity 70763K, committed 71128K, reserved 1110016K
  class space    used 9306K, capacity 10127K, committed 10240K, reserved 1048576K
}

